Determining if the pthread_create exist failed with the following output:
Change Dir: /home/borowczyka/src/sitl_gazebo/models/create_crai/plugins/build/CMakeFiles/CMakeTmp

Run Build Command:"/usr/bin/make" "cmTryCompileExec1694253611/fast"
/usr/bin/make -f CMakeFiles/cmTryCompileExec1694253611.dir/build.make CMakeFiles/cmTryCompileExec1694253611.dir/build
make[1]: Entering directory `/home/borowczyka/src/sitl_gazebo/models/create_crai/plugins/build/CMakeFiles/CMakeTmp'
/usr/bin/cmake -E cmake_progress_report /home/borowczyka/src/sitl_gazebo/models/create_crai/plugins/build/CMakeFiles/CMakeTmp/CMakeFiles 1
Building C object CMakeFiles/cmTryCompileExec1694253611.dir/CheckSymbolExists.c.o
/usr/bin/cc    -o CMakeFiles/cmTryCompileExec1694253611.dir/CheckSymbolExists.c.o   -c /home/borowczyka/src/sitl_gazebo/models/create_crai/plugins/build/CMakeFiles/CMakeTmp/CheckSymbolExists.c
Linking C executable cmTryCompileExec1694253611
/usr/bin/cmake -E cmake_link_script CMakeFiles/cmTryCompileExec1694253611.dir/link.txt --verbose=1
/usr/bin/cc       CMakeFiles/cmTryCompileExec1694253611.dir/CheckSymbolExists.c.o  -o cmTryCompileExec1694253611 -rdynamic 
CMakeFiles/cmTryCompileExec1694253611.dir/CheckSymbolExists.c.o: In function `main':
CheckSymbolExists.c:(.text+0x16): undefined reference to `pthread_create'
collect2: error: ld returned 1 exit status
make[1]: *** [cmTryCompileExec1694253611] Error 1
make[1]: Leaving directory `/home/borowczyka/src/sitl_gazebo/models/create_crai/plugins/build/CMakeFiles/CMakeTmp'
make: *** [cmTryCompileExec1694253611/fast] Error 2

File /home/borowczyka/src/sitl_gazebo/models/create_crai/plugins/build/CMakeFiles/CMakeTmp/CheckSymbolExists.c:
/* */
#include <pthread.h>

int main(int argc, char** argv)
{
  (void)argv;
#ifndef pthread_create
  return ((int*)(&pthread_create))[argc];
#else
  (void)argc;
  return 0;
#endif
}

Determining if the function pthread_create exists in the pthreads failed with the following output:
Change Dir: /home/borowczyka/src/sitl_gazebo/models/create_crai/plugins/build/CMakeFiles/CMakeTmp

Run Build Command:"/usr/bin/make" "cmTryCompileExec2992564141/fast"
/usr/bin/make -f CMakeFiles/cmTryCompileExec2992564141.dir/build.make CMakeFiles/cmTryCompileExec2992564141.dir/build
make[1]: Entering directory `/home/borowczyka/src/sitl_gazebo/models/create_crai/plugins/build/CMakeFiles/CMakeTmp'
/usr/bin/cmake -E cmake_progress_report /home/borowczyka/src/sitl_gazebo/models/create_crai/plugins/build/CMakeFiles/CMakeTmp/CMakeFiles 1
Building C object CMakeFiles/cmTryCompileExec2992564141.dir/CheckFunctionExists.c.o
/usr/bin/cc   -DCHECK_FUNCTION_EXISTS=pthread_create   -o CMakeFiles/cmTryCompileExec2992564141.dir/CheckFunctionExists.c.o   -c /usr/share/cmake-3.2/Modules/CheckFunctionExists.c
Linking C executable cmTryCompileExec2992564141
/usr/bin/cmake -E cmake_link_script CMakeFiles/cmTryCompileExec2992564141.dir/link.txt --verbose=1
/usr/bin/cc   -DCHECK_FUNCTION_EXISTS=pthread_create    CMakeFiles/cmTryCompileExec2992564141.dir/CheckFunctionExists.c.o  -o cmTryCompileExec2992564141 -rdynamic -lpthreads 
/usr/bin/ld: cannot find -lpthreads
collect2: error: ld returned 1 exit status
make[1]: *** [cmTryCompileExec2992564141] Error 1
make[1]: Leaving directory `/home/borowczyka/src/sitl_gazebo/models/create_crai/plugins/build/CMakeFiles/CMakeTmp'
make: *** [cmTryCompileExec2992564141/fast] Error 2


